Arguments: 
  /usr/local/Cellar/node/12.12.0/bin/node /Users/aomkhunpanitchot/.yarn/bin/yarn.js add fastify fastify-compress fastify-cache

PATH: 
  /Users/aomkhunpanitchot/miniconda3/bin:/Users/aomkhunpanitchot/miniconda3/condabin:/Users/aomkhunpanitchot/.yarn/bin:/Users/aomkhunpanitchot/.config/yarn/global/node_modules/.bin:/Users/aomkhunpanitchot/.cargo/bin:/usr/local/bin:/usr/bin:/bin:/usr/sbin:/sbin:/Library/Apple/usr/bin:/Users/aomkhunpanitchot/flutter/bin

Yarn version: 
  1.21.1

Node version: 
  12.12.0

Platform: 
  darwin x64

Trace: 
  Error: https://registry.yarnpkg.com/fastify-cache: Not found
      at Request.params.callback [as _callback] (/Users/aomkhunpanitchot/.yarn/lib/cli.js:66947:18)
      at Request.self.callback (/Users/aomkhunpanitchot/.yarn/lib/cli.js:140665:22)
      at Request.emit (events.js:210:5)
      at Request.<anonymous> (/Users/aomkhunpanitchot/.yarn/lib/cli.js:141637:10)
      at Request.emit (events.js:210:5)
      at IncomingMessage.<anonymous> (/Users/aomkhunpanitchot/.yarn/lib/cli.js:141559:12)
      at Object.onceWrapper (events.js:299:28)
      at IncomingMessage.emit (events.js:215:7)
      at endReadableNT (_stream_readable.js:1183:12)
      at processTicksAndRejections (internal/process/task_queues.js:80:21)

npm manifest: 
  {
    "name": "is-order-a-rabbit-api",
    "version": "1.0.0",
    "main": "index.js",
    "license": "MIT"
  }

yarn manifest: 
  No manifest

Lockfile: 
  No lockfile
